2020-02-10 13:04:59 INFO:log:Empezamos la app...
2020-02-10 13:04:59 INFO:log:Leyendo el Config...
2020-02-10 13:04:59 INFO:log:Config leido
2020-02-10 13:04:59 INFO:log:Config leido.
2020-02-10 13:04:59 INFO:log:Leyendo los datos...
2020-02-10 13:04:59 INFO:log:Datos leidos.
2020-02-10 13:04:59 INFO:log:Procesando los datos...
2020-02-10 13:05:00 INFO:log:Datos procesados.
2020-02-10 13:05:00 INFO:log:Generando modelo...
2020-02-10 13:05:01 INFO:log:Modelo generado.
2020-02-10 13:05:01 INFO:log:Generando output...
2020-02-10 13:05:01 ERROR:log:Ha fallado el guardado!!
2020-02-10 13:05:01 ERROR:log:Ha fallado el guardado del modelo!!
2020-02-10 13:05:01 INFO:log:Output generado.
2020-02-10 13:05:01 INFO:log:Fin de la ejecucion.
2020-02-10 13:08:59 INFO:log:Empezamos la app...
2020-02-10 13:08:59 INFO:log:Leyendo el Config...
2020-02-10 13:08:59 INFO:log:Config leido
2020-02-10 13:09:00 INFO:log:Config leido.
2020-02-10 13:09:00 INFO:log:Leyendo los datos...
2020-02-10 13:09:01 INFO:log:Datos leidos.
2020-02-10 13:09:01 INFO:log:Procesando los datos...
2020-02-10 13:09:02 INFO:log:Datos procesados.
2020-02-10 13:09:02 INFO:log:Generando modelo...
2020-02-10 13:09:02 INFO:log:Modelo generado.
2020-02-10 13:09:09 INFO:log:Generando output...
2020-02-10 13:09:23 ERROR:log:Ha fallado el guardado!!
2020-02-10 13:13:09 INFO:log:Empezamos la app...
2020-02-10 13:13:10 INFO:log:Leyendo el Config...
2020-02-10 13:13:10 INFO:log:Config leido
2020-02-10 13:13:10 INFO:log:Config leido.
2020-02-10 13:13:10 INFO:log:Leyendo los datos...
2020-02-10 13:13:12 INFO:log:Datos leidos.
2020-02-10 13:13:12 INFO:log:Procesando los datos...
2020-02-10 13:13:19 INFO:log:Datos procesados.
2020-02-10 13:13:19 INFO:log:Generando modelo...
2020-02-10 13:13:19 INFO:log:Modelo generado.
2020-02-10 13:13:25 INFO:log:Generando output...
2020-02-10 13:13:30 ERROR:log:Ha fallado el guardado!!
2020-02-10 13:14:58 INFO:log:Empezamos la app...
2020-02-10 13:14:58 INFO:log:Leyendo el Config...
2020-02-10 13:14:58 INFO:log:Config leido
2020-02-10 13:14:58 INFO:log:Config leido.
2020-02-10 13:14:58 INFO:log:Leyendo los datos...
2020-02-10 13:14:58 INFO:log:Datos leidos.
2020-02-10 13:14:58 INFO:log:Procesando los datos...
2020-02-10 13:14:59 INFO:log:Datos procesados.
2020-02-10 13:14:59 INFO:log:Generando modelo...
2020-02-10 13:14:59 INFO:log:Modelo generado.
2020-02-10 13:15:04 INFO:log:Generando output...
2020-02-10 13:15:21 INFO:log:Output generado.
2020-02-10 13:15:22 INFO:log:Fin de la ejecucion.
2020-02-10 14:01:14 INFO:log:Empezamos la app...
2020-02-10 14:01:14 INFO:log:Leyendo el Config...
2020-02-10 14:01:14 INFO:log:Config leido
2020-02-10 14:01:14 INFO:log:Config leido.
2020-02-10 14:01:14 INFO:log:Leyendo los datos...
2020-02-10 14:01:14 INFO:log:Datos leidos.
2020-02-10 14:01:14 INFO:log:Procesando los datos...
2020-02-10 14:01:15 INFO:log:Datos procesados.
2020-02-10 14:01:15 INFO:log:Generando modelo...
2020-02-10 14:01:16 INFO:log:Modelo generado.
2020-02-10 14:01:16 INFO:log:Generando output...
2020-02-10 14:01:16 INFO:log:Output generado.
2020-02-10 14:01:16 INFO:log:Fin de la ejecucion.
2020-07-03 11:03:55 INFO:log:Empezamos la app...
2020-07-03 11:03:55 INFO:log:Leyendo el Config...
2020-07-03 11:03:55 INFO:log:Config leido
2020-07-03 11:03:55 INFO:log:Config leido.
2020-07-03 11:03:55 INFO:log:Leyendo los datos...
2020-07-03 11:03:55 INFO:log:Datos leidos.
2020-07-03 11:03:55 INFO:log:Procesando los datos...
2020-07-03 11:06:21 ERROR:log:La aplicación ha petado...
2020-07-03 11:06:21 INFO:log:Fin de la ejecucion.
2020-07-03 11:06:53 INFO:log:Empezamos la app...
2020-07-03 11:06:53 INFO:log:Leyendo el Config...
2020-07-03 11:06:53 INFO:log:Config leido
2020-07-03 11:06:53 INFO:log:Config leido.
2020-07-03 11:06:53 INFO:log:Leyendo los datos...
2020-07-03 11:06:53 INFO:log:Datos leidos.
2020-07-03 11:06:53 INFO:log:Procesando los datos...
2020-07-03 11:07:20 INFO:log:Fin de la ejecucion.
2020-07-03 11:18:20 INFO:log:Empezamos la app...
2020-07-03 11:18:20 INFO:log:Leyendo el Config...
2020-07-03 11:18:20 INFO:log:Config leido
2020-07-03 11:18:20 INFO:log:Config leido.
2020-07-03 11:18:20 INFO:log:Leyendo los datos...
2020-07-03 11:18:20 INFO:log:Datos leidos.
2020-07-03 11:18:20 INFO:log:Procesando los datos...
2020-07-03 11:21:12 ERROR:log:La aplicación ha petado...
2020-07-03 11:21:12 INFO:log:Fin de la ejecucion.
2020-07-09 18:05:26 INFO:log:Empezamos la app...
2020-07-09 18:05:26 INFO:log:Leyendo el Config...
2020-07-09 18:05:26 INFO:log:Config leido
2020-07-09 18:05:27 INFO:log:Config leido.
2020-07-09 18:05:27 INFO:log:Leyendo los datos...
2020-07-09 18:05:36 INFO:log:Datos leidos.
2020-07-09 18:05:36 INFO:log:Procesando los datos...
2020-07-09 18:05:38 INFO:log:Datos procesados.
2020-07-09 18:05:38 INFO:log:Generando modelo...
2020-07-09 18:05:43 INFO:log:Modelo generado.
2020-07-09 18:05:43 INFO:log:Generando output...
2020-07-09 18:05:43 INFO:log:Output generado.
2020-07-09 18:05:43 INFO:log:Fin de la ejecucion.
2020-07-09 18:06:04 INFO:log:Empezamos la app...
2020-07-09 18:06:04 INFO:log:Leyendo el Config...
2020-07-09 18:06:04 INFO:log:Config leido
2020-07-09 18:06:04 INFO:log:Config leido.
2020-07-09 18:06:04 INFO:log:Leyendo los datos...
2020-07-09 18:06:16 INFO:log:Datos leidos.
2020-07-09 18:06:16 INFO:log:Procesando los datos...
2020-07-09 18:06:17 INFO:log:Datos procesados.
2020-07-09 18:06:17 INFO:log:Generando modelo...
2020-07-09 18:06:21 INFO:log:Modelo generado.
2020-07-09 18:06:21 INFO:log:Generando output...
2020-07-09 18:06:21 INFO:log:Output generado.
2020-07-09 18:06:21 INFO:log:Fin de la ejecucion.
2020-07-09 18:07:12 INFO:log:Empezamos la app...
2020-07-09 18:07:12 INFO:log:Leyendo el Config...
2020-07-09 18:07:12 INFO:log:Config leido
2020-07-09 18:07:12 INFO:log:Config leido.
2020-07-09 18:07:12 INFO:log:Leyendo los datos...
2020-07-09 18:07:15 INFO:log:Datos leidos.
2020-07-09 18:07:15 INFO:log:Procesando los datos...
2020-07-09 18:07:16 INFO:log:Datos procesados.
2020-07-09 18:07:16 INFO:log:Generando modelo...
2020-07-09 18:07:17 INFO:log:Modelo generado.
2020-07-09 18:07:17 INFO:log:Generando output...
2020-07-09 18:07:17 INFO:log:Output generado.
2020-07-09 18:07:17 INFO:log:Fin de la ejecucion.
